[10:43:59:834] [INFO] - org.springframework.boot.StartupInfoLogger.logStarting(StartupInfoLogger.java:55) - Starting SocketApplication on DESKTOP-CLOPQ62 with PID 66876 (F:\work\socket\target\classes started by asus in F:\work\socket)
[10:43:59:841] [INFO] - org.springframework.boot.SpringApplication.logStartupProfileInfo(SpringApplication.java:651) - No active profile set, falling back to default profiles: default
[10:44:00:473] [INFO] - org.springframework.boot.StartupInfoLogger.logStarted(StartupInfoLogger.java:61) - Started SocketApplication in 0.875 seconds (JVM running for 1.652)
[10:44:01:507] [INFO] - com.alibaba.druid.pool.DruidDataSource.init(DruidDataSource.java:947) - {dataSource-1} inited
[11:47:09:695] [INFO] - org.springframework.boot.StartupInfoLogger.logStarting(StartupInfoLogger.java:55) - Starting SocketApplication on DESKTOP-CLOPQ62 with PID 32792 (F:\work\socket\target\classes started by asus in F:\work\socket)
[11:47:09:698] [INFO] - org.springframework.boot.SpringApplication.logStartupProfileInfo(SpringApplication.java:651) - No active profile set, falling back to default profiles: default
[11:47:10:320] [INFO] - org.springframework.boot.StartupInfoLogger.logStarted(StartupInfoLogger.java:61) - Started SocketApplication in 0.877 seconds (JVM running for 1.661)
[11:47:11:628] [INFO] - com.alibaba.druid.pool.DruidDataSource.init(DruidDataSource.java:947) - {dataSource-1} inited
[11:49:35:018] [INFO] - org.springframework.boot.StartupInfoLogger.logStarting(StartupInfoLogger.java:55) - Starting SocketApplication on DESKTOP-CLOPQ62 with PID 50832 (F:\work\socket\target\classes started by asus in F:\work\socket)
[11:49:35:021] [INFO] - org.springframework.boot.SpringApplication.logStartupProfileInfo(SpringApplication.java:651) - No active profile set, falling back to default profiles: default
[11:49:35:643] [INFO] - org.springframework.boot.StartupInfoLogger.logStarted(StartupInfoLogger.java:61) - Started SocketApplication in 0.869 seconds (JVM running for 1.561)
[11:49:41:111] [INFO] - com.alibaba.druid.pool.DruidDataSource.init(DruidDataSource.java:947) - {dataSource-1} inited
[11:50:36:094] [INFO] - org.springframework.boot.StartupInfoLogger.logStarting(StartupInfoLogger.java:55) - Starting SocketApplication on DESKTOP-CLOPQ62 with PID 54828 (F:\work\socket\target\classes started by asus in F:\work\socket)
[11:50:36:096] [INFO] - org.springframework.boot.SpringApplication.logStartupProfileInfo(SpringApplication.java:651) - No active profile set, falling back to default profiles: default
[11:50:36:722] [INFO] - org.springframework.boot.StartupInfoLogger.logStarted(StartupInfoLogger.java:61) - Started SocketApplication in 0.876 seconds (JVM running for 1.535)
[11:50:38:008] [INFO] - com.alibaba.druid.pool.DruidDataSource.init(DruidDataSource.java:947) - {dataSource-1} inited
[11:52:42:127] [INFO] - org.springframework.boot.StartupInfoLogger.logStarting(StartupInfoLogger.java:55) - Starting SocketApplication on DESKTOP-CLOPQ62 with PID 31020 (F:\work\socket\target\classes started by asus in F:\work\socket)
[11:52:42:130] [INFO] - org.springframework.boot.SpringApplication.logStartupProfileInfo(SpringApplication.java:651) - No active profile set, falling back to default profiles: default
[11:52:42:755] [INFO] - org.springframework.boot.StartupInfoLogger.logStarted(StartupInfoLogger.java:61) - Started SocketApplication in 0.873 seconds (JVM running for 1.627)
[11:52:43:802] [INFO] - com.alibaba.druid.pool.DruidDataSource.init(DruidDataSource.java:947) - {dataSource-1} inited
[11:58:07:036] [INFO] - org.springframework.boot.StartupInfoLogger.logStarting(StartupInfoLogger.java:55) - Starting SocketApplication on DESKTOP-CLOPQ62 with PID 70364 (F:\work\socket\target\classes started by asus in F:\work\socket)
[11:58:07:039] [INFO] - org.springframework.boot.SpringApplication.logStartupProfileInfo(SpringApplication.java:651) - No active profile set, falling back to default profiles: default
[11:58:07:644] [INFO] - org.springframework.boot.StartupInfoLogger.logStarted(StartupInfoLogger.java:61) - Started SocketApplication in 0.834 seconds (JVM running for 1.586)
[11:58:10:782] [INFO] - com.alibaba.druid.pool.DruidDataSource.init(DruidDataSource.java:947) - {dataSource-1} inited
[11:59:41:137] [INFO] - org.springframework.boot.StartupInfoLogger.logStarting(StartupInfoLogger.java:55) - Starting SocketApplication on DESKTOP-CLOPQ62 with PID 34724 (F:\work\socket\target\classes started by asus in F:\work\socket)
[11:59:41:139] [INFO] - org.springframework.boot.SpringApplication.logStartupProfileInfo(SpringApplication.java:651) - No active profile set, falling back to default profiles: default
[11:59:41:760] [INFO] - org.springframework.boot.StartupInfoLogger.logStarted(StartupInfoLogger.java:61) - Started SocketApplication in 0.857 seconds (JVM running for 1.569)
[11:59:45:811] [INFO] - com.alibaba.druid.pool.DruidDataSource.init(DruidDataSource.java:947) - {dataSource-1} inited
[15:39:50:751] [INFO] - org.springframework.boot.StartupInfoLogger.logStarting(StartupInfoLogger.java:55) - Starting SocketApplication on DESKTOP-CLOPQ62 with PID 66500 (F:\work\socket\target\classes started by asus in F:\work\socket)
[15:39:50:755] [INFO] - org.springframework.boot.SpringApplication.logStartupProfileInfo(SpringApplication.java:651) - No active profile set, falling back to default profiles: default
[15:39:51:351] [INFO] - org.springframework.boot.StartupInfoLogger.logStarted(StartupInfoLogger.java:61) - Started SocketApplication in 0.86 seconds (JVM running for 1.576)
[15:39:54:753] [INFO] - com.alibaba.druid.pool.DruidDataSource.init(DruidDataSource.java:947) - {dataSource-1} inited
[15:40:38:953] [INFO] - org.springframework.boot.StartupInfoLogger.logStarting(StartupInfoLogger.java:55) - Starting SocketApplication on DESKTOP-CLOPQ62 with PID 38560 (F:\work\socket\target\classes started by asus in F:\work\socket)
[15:40:38:955] [INFO] - org.springframework.boot.SpringApplication.logStartupProfileInfo(SpringApplication.java:651) - No active profile set, falling back to default profiles: default
[15:40:39:556] [INFO] - org.springframework.boot.StartupInfoLogger.logStarted(StartupInfoLogger.java:61) - Started SocketApplication in 0.838 seconds (JVM running for 1.545)
[15:40:40:682] [INFO] - com.alibaba.druid.pool.DruidDataSource.init(DruidDataSource.java:947) - {dataSource-1} inited
[15:42:23:365] [INFO] - org.springframework.boot.StartupInfoLogger.logStarting(StartupInfoLogger.java:55) - Starting SocketApplication on DESKTOP-CLOPQ62 with PID 61084 (F:\work\socket\target\classes started by asus in F:\work\socket)
[15:42:23:368] [INFO] - org.springframework.boot.SpringApplication.logStartupProfileInfo(SpringApplication.java:651) - No active profile set, falling back to default profiles: default
[15:42:23:973] [INFO] - org.springframework.boot.StartupInfoLogger.logStarted(StartupInfoLogger.java:61) - Started SocketApplication in 0.829 seconds (JVM running for 1.531)
[15:42:26:234] [INFO] - com.alibaba.druid.pool.DruidDataSource.init(DruidDataSource.java:947) - {dataSource-1} inited
[16:30:51:549] [INFO] - org.springframework.boot.StartupInfoLogger.logStarting(StartupInfoLogger.java:55) - Starting SocketApplication on DESKTOP-CLOPQ62 with PID 42064 (F:\work\socket\target\classes started by asus in F:\work\socket)
[16:30:51:551] [INFO] - org.springframework.boot.SpringApplication.logStartupProfileInfo(SpringApplication.java:651) - No active profile set, falling back to default profiles: default
[16:30:51:968] [INFO] - org.springframework.boot.autoconfigure.logging.ConditionEvaluationReportLoggingListener.logMessage(ConditionEvaluationReportLoggingListener.java:136) - 

Error starting ApplicationContext. To display the conditions report re-run your application with 'debug' enabled.
[16:34:24:721] [INFO] - org.springframework.boot.StartupInfoLogger.logStarting(StartupInfoLogger.java:55) - Starting SocketApplication on DESKTOP-CLOPQ62 with PID 48704 (F:\work\socket\target\classes started by asus in F:\work\socket)
[16:34:24:724] [INFO] - org.springframework.boot.SpringApplication.logStartupProfileInfo(SpringApplication.java:651) - No active profile set, falling back to default profiles: default
[16:34:25:303] [INFO] - org.springframework.aop.framework.CglibAopProxy.doValidateClass(CglibAopProxy.java:262) - Unable to proxy interface-implementing method [public final void org.springframework.dao.support.DaoSupport.afterPropertiesSet() throws java.lang.IllegalArgumentException,org.springframework.beans.factory.BeanInitializationException] because it is marked as final: Consider using interface-based JDK proxies instead!
[16:34:25:390] [INFO] - org.springframework.boot.StartupInfoLogger.logStarted(StartupInfoLogger.java:61) - Started SocketApplication in 0.893 seconds (JVM running for 1.587)
[16:34:27:233] [INFO] - com.alibaba.druid.pool.DruidDataSource.init(DruidDataSource.java:947) - {dataSource-1} inited
[17:20:58:035] [INFO] - org.springframework.boot.StartupInfoLogger.logStarting(StartupInfoLogger.java:55) - Starting SocketApplication on DESKTOP-CLOPQ62 with PID 60680 (F:\work\socket\target\classes started by asus in F:\work\socket)
[17:20:58:038] [INFO] - org.springframework.boot.SpringApplication.logStartupProfileInfo(SpringApplication.java:651) - No active profile set, falling back to default profiles: default
[17:20:58:612] [INFO] - org.springframework.aop.framework.CglibAopProxy.doValidateClass(CglibAopProxy.java:262) - Unable to proxy interface-implementing method [public final void org.springframework.dao.support.DaoSupport.afterPropertiesSet() throws java.lang.IllegalArgumentException,org.springframework.beans.factory.BeanInitializationException] because it is marked as final: Consider using interface-based JDK proxies instead!
[17:20:58:676] [INFO] - org.springframework.boot.StartupInfoLogger.logStarted(StartupInfoLogger.java:61) - Started SocketApplication in 0.87 seconds (JVM running for 1.632)
[17:21:01:542] [INFO] - com.alibaba.druid.pool.DruidDataSource.init(DruidDataSource.java:947) - {dataSource-1} inited
