[15:08:57:054] [INFO] - org.springframework.boot.StartupInfoLogger.logStarting(StartupInfoLogger.java:55) - Starting SocketApplication on DESKTOP-CLOPQ62 with PID 45620 (F:\work\socket\target\classes started by asus in F:\work\socket)
[15:08:57:067] [INFO] - org.springframework.boot.SpringApplication.logStartupProfileInfo(SpringApplication.java:651) - No active profile set, falling back to default profiles: default
[15:08:57:719] [INFO] - org.springframework.aop.framework.CglibAopProxy.doValidateClass(CglibAopProxy.java:262) - Unable to proxy interface-implementing method [public final void org.springframework.dao.support.DaoSupport.afterPropertiesSet() throws java.lang.IllegalArgumentException,org.springframework.beans.factory.BeanInitializationException] because it is marked as final: Consider using interface-based JDK proxies instead!
[15:08:57:806] [INFO] - org.springframework.boot.StartupInfoLogger.logStarted(StartupInfoLogger.java:61) - Started SocketApplication in 0.991 seconds (JVM running for 1.714)
[15:09:00:060] [INFO] - com.alibaba.druid.pool.DruidDataSource.init(DruidDataSource.java:947) - {dataSource-1} inited
[15:25:07:988] [INFO] - org.springframework.boot.StartupInfoLogger.logStarting(StartupInfoLogger.java:55) - Starting SocketApplication on DESKTOP-CLOPQ62 with PID 32908 (F:\work\socket\target\classes started by asus in F:\work\socket)
[15:25:07:991] [INFO] - org.springframework.boot.SpringApplication.logStartupProfileInfo(SpringApplication.java:651) - No active profile set, falling back to default profiles: default
[15:25:08:609] [INFO] - org.springframework.aop.framework.CglibAopProxy.doValidateClass(CglibAopProxy.java:262) - Unable to proxy interface-implementing method [public final void org.springframework.dao.support.DaoSupport.afterPropertiesSet() throws java.lang.IllegalArgumentException,org.springframework.beans.factory.BeanInitializationException] because it is marked as final: Consider using interface-based JDK proxies instead!
[15:25:08:677] [INFO] - org.springframework.boot.StartupInfoLogger.logStarted(StartupInfoLogger.java:61) - Started SocketApplication in 0.946 seconds (JVM running for 1.61)
[15:25:09:713] [INFO] - com.alibaba.druid.pool.DruidDataSource.init(DruidDataSource.java:947) - {dataSource-1} inited
[15:30:41:222] [INFO] - org.springframework.boot.StartupInfoLogger.logStarting(StartupInfoLogger.java:55) - Starting SocketApplication on DESKTOP-CLOPQ62 with PID 52736 (F:\work\socket\target\classes started by asus in F:\work\socket)
[15:30:41:225] [INFO] - org.springframework.boot.SpringApplication.logStartupProfileInfo(SpringApplication.java:651) - No active profile set, falling back to default profiles: default
[15:30:41:818] [INFO] - org.springframework.aop.framework.CglibAopProxy.doValidateClass(CglibAopProxy.java:262) - Unable to proxy interface-implementing method [public final void org.springframework.dao.support.DaoSupport.afterPropertiesSet() throws java.lang.IllegalArgumentException,org.springframework.beans.factory.BeanInitializationException] because it is marked as final: Consider using interface-based JDK proxies instead!
[15:30:41:882] [INFO] - org.springframework.boot.StartupInfoLogger.logStarted(StartupInfoLogger.java:61) - Started SocketApplication in 0.913 seconds (JVM running for 1.618)
[15:30:45:591] [INFO] - com.alibaba.druid.pool.DruidDataSource.init(DruidDataSource.java:947) - {dataSource-1} inited
[17:00:54:959] [INFO] - org.springframework.boot.StartupInfoLogger.logStarting(StartupInfoLogger.java:55) - Starting SocketApplication on DESKTOP-CLOPQ62 with PID 5096 (F:\work\socket\target\classes started by asus in F:\work\socket)
[17:00:54:961] [INFO] - org.springframework.boot.SpringApplication.logStartupProfileInfo(SpringApplication.java:651) - No active profile set, falling back to default profiles: default
[17:00:55:598] [INFO] - org.springframework.aop.framework.CglibAopProxy.doValidateClass(CglibAopProxy.java:262) - Unable to proxy interface-implementing method [public final void org.springframework.dao.support.DaoSupport.afterPropertiesSet() throws java.lang.IllegalArgumentException,org.springframework.beans.factory.BeanInitializationException] because it is marked as final: Consider using interface-based JDK proxies instead!
[17:00:55:661] [INFO] - org.springframework.boot.StartupInfoLogger.logStarted(StartupInfoLogger.java:61) - Started SocketApplication in 0.938 seconds (JVM running for 1.665)
[17:00:57:193] [INFO] - com.alibaba.druid.pool.DruidDataSource.init(DruidDataSource.java:947) - {dataSource-1} inited
[17:01:12:692] [INFO] - org.springframework.boot.StartupInfoLogger.logStarting(StartupInfoLogger.java:55) - Starting SocketApplication on DESKTOP-CLOPQ62 with PID 21404 (F:\work\socket\target\classes started by asus in F:\work\socket)
[17:01:12:695] [INFO] - org.springframework.boot.SpringApplication.logStartupProfileInfo(SpringApplication.java:651) - No active profile set, falling back to default profiles: default
[17:01:13:420] [INFO] - org.springframework.aop.framework.CglibAopProxy.doValidateClass(CglibAopProxy.java:262) - Unable to proxy interface-implementing method [public final void org.springframework.dao.support.DaoSupport.afterPropertiesSet() throws java.lang.IllegalArgumentException,org.springframework.beans.factory.BeanInitializationException] because it is marked as final: Consider using interface-based JDK proxies instead!
[17:01:13:494] [INFO] - org.springframework.boot.StartupInfoLogger.logStarted(StartupInfoLogger.java:61) - Started SocketApplication in 1.058 seconds (JVM running for 1.771)
[17:01:13:721] [INFO] - com.alibaba.druid.pool.DruidDataSource.init(DruidDataSource.java:947) - {dataSource-1} inited
[17:22:11:656] [INFO] - org.springframework.boot.StartupInfoLogger.logStarting(StartupInfoLogger.java:55) - Starting SocketApplication on DESKTOP-CLOPQ62 with PID 51324 (F:\work\socket\target\classes started by asus in F:\work\socket)
[17:22:11:659] [INFO] - org.springframework.boot.SpringApplication.logStartupProfileInfo(SpringApplication.java:651) - No active profile set, falling back to default profiles: default
[17:22:12:248] [INFO] - org.springframework.aop.framework.CglibAopProxy.doValidateClass(CglibAopProxy.java:262) - Unable to proxy interface-implementing method [public final void org.springframework.dao.support.DaoSupport.afterPropertiesSet() throws java.lang.IllegalArgumentException,org.springframework.beans.factory.BeanInitializationException] because it is marked as final: Consider using interface-based JDK proxies instead!
[17:22:12:309] [INFO] - org.springframework.boot.StartupInfoLogger.logStarted(StartupInfoLogger.java:61) - Started SocketApplication in 0.908 seconds (JVM running for 1.721)
[17:22:13:930] [INFO] - com.alibaba.druid.pool.DruidDataSource.init(DruidDataSource.java:947) - {dataSource-1} inited
[17:24:29:162] [INFO] - org.springframework.boot.StartupInfoLogger.logStarting(StartupInfoLogger.java:55) - Starting SocketApplication on DESKTOP-CLOPQ62 with PID 64448 (F:\work\socket\target\classes started by asus in F:\work\socket)
[17:24:29:164] [INFO] - org.springframework.boot.SpringApplication.logStartupProfileInfo(SpringApplication.java:651) - No active profile set, falling back to default profiles: default
[17:24:29:803] [INFO] - org.springframework.aop.framework.CglibAopProxy.doValidateClass(CglibAopProxy.java:262) - Unable to proxy interface-implementing method [public final void org.springframework.dao.support.DaoSupport.afterPropertiesSet() throws java.lang.IllegalArgumentException,org.springframework.beans.factory.BeanInitializationException] because it is marked as final: Consider using interface-based JDK proxies instead!
[17:24:29:869] [INFO] - org.springframework.boot.StartupInfoLogger.logStarted(StartupInfoLogger.java:61) - Started SocketApplication in 0.939 seconds (JVM running for 1.64)
[17:24:31:145] [INFO] - com.alibaba.druid.pool.DruidDataSource.init(DruidDataSource.java:947) - {dataSource-1} inited
[17:25:40:435] [INFO] - org.springframework.boot.StartupInfoLogger.logStarting(StartupInfoLogger.java:55) - Starting SocketApplication on DESKTOP-CLOPQ62 with PID 65400 (F:\work\socket\target\classes started by asus in F:\work\socket)
[17:25:40:438] [INFO] - org.springframework.boot.SpringApplication.logStartupProfileInfo(SpringApplication.java:651) - No active profile set, falling back to default profiles: default
[17:25:41:024] [INFO] - org.springframework.aop.framework.CglibAopProxy.doValidateClass(CglibAopProxy.java:262) - Unable to proxy interface-implementing method [public final void org.springframework.dao.support.DaoSupport.afterPropertiesSet() throws java.lang.IllegalArgumentException,org.springframework.beans.factory.BeanInitializationException] because it is marked as final: Consider using interface-based JDK proxies instead!
[17:25:41:092] [INFO] - org.springframework.boot.StartupInfoLogger.logStarted(StartupInfoLogger.java:61) - Started SocketApplication in 0.894 seconds (JVM running for 1.63)
[17:25:42:301] [INFO] - com.alibaba.druid.pool.DruidDataSource.init(DruidDataSource.java:947) - {dataSource-1} inited
[17:30:05:826] [INFO] - org.springframework.boot.StartupInfoLogger.logStarting(StartupInfoLogger.java:55) - Starting SocketApplication on DESKTOP-CLOPQ62 with PID 51596 (F:\work\socket\target\classes started by asus in F:\work\socket)
[17:30:05:831] [INFO] - org.springframework.boot.SpringApplication.logStartupProfileInfo(SpringApplication.java:651) - No active profile set, falling back to default profiles: default
[17:30:06:425] [INFO] - org.springframework.aop.framework.CglibAopProxy.doValidateClass(CglibAopProxy.java:262) - Unable to proxy interface-implementing method [public final void org.springframework.dao.support.DaoSupport.afterPropertiesSet() throws java.lang.IllegalArgumentException,org.springframework.beans.factory.BeanInitializationException] because it is marked as final: Consider using interface-based JDK proxies instead!
[17:30:06:494] [INFO] - org.springframework.boot.StartupInfoLogger.logStarted(StartupInfoLogger.java:61) - Started SocketApplication in 0.908 seconds (JVM running for 1.614)
[17:30:08:053] [INFO] - com.alibaba.druid.pool.DruidDataSource.init(DruidDataSource.java:947) - {dataSource-1} inited
[17:32:42:433] [INFO] - org.springframework.boot.StartupInfoLogger.logStarting(StartupInfoLogger.java:55) - Starting SocketApplication on DESKTOP-CLOPQ62 with PID 63052 (F:\work\socket\target\classes started by asus in F:\work\socket)
[17:32:42:436] [INFO] - org.springframework.boot.SpringApplication.logStartupProfileInfo(SpringApplication.java:651) - No active profile set, falling back to default profiles: default
[17:32:43:033] [INFO] - org.springframework.aop.framework.CglibAopProxy.doValidateClass(CglibAopProxy.java:262) - Unable to proxy interface-implementing method [public final void org.springframework.dao.support.DaoSupport.afterPropertiesSet() throws java.lang.IllegalArgumentException,org.springframework.beans.factory.BeanInitializationException] because it is marked as final: Consider using interface-based JDK proxies instead!
[17:32:43:118] [INFO] - org.springframework.boot.StartupInfoLogger.logStarted(StartupInfoLogger.java:61) - Started SocketApplication in 0.994 seconds (JVM running for 1.747)
[17:32:43:725] [INFO] - com.alibaba.druid.pool.DruidDataSource.init(DruidDataSource.java:947) - {dataSource-1} inited
[17:33:59:574] [INFO] - org.springframework.boot.StartupInfoLogger.logStarting(StartupInfoLogger.java:55) - Starting SocketApplication on DESKTOP-CLOPQ62 with PID 50564 (F:\work\socket\target\classes started by asus in F:\work\socket)
[17:33:59:576] [INFO] - org.springframework.boot.SpringApplication.logStartupProfileInfo(SpringApplication.java:651) - No active profile set, falling back to default profiles: default
[17:34:00:170] [INFO] - org.springframework.aop.framework.CglibAopProxy.doValidateClass(CglibAopProxy.java:262) - Unable to proxy interface-implementing method [public final void org.springframework.dao.support.DaoSupport.afterPropertiesSet() throws java.lang.IllegalArgumentException,org.springframework.beans.factory.BeanInitializationException] because it is marked as final: Consider using interface-based JDK proxies instead!
[17:34:00:253] [INFO] - org.springframework.boot.StartupInfoLogger.logStarted(StartupInfoLogger.java:61) - Started SocketApplication in 0.931 seconds (JVM running for 1.815)
[17:34:00:924] [INFO] - com.alibaba.druid.pool.DruidDataSource.init(DruidDataSource.java:947) - {dataSource-1} inited
[17:47:06:548] [INFO] - org.springframework.boot.StartupInfoLogger.logStarting(StartupInfoLogger.java:55) - Starting SocketApplication on DESKTOP-CLOPQ62 with PID 48692 (F:\work\socket\target\classes started by asus in F:\work\socket)
[17:47:06:551] [INFO] - org.springframework.boot.SpringApplication.logStartupProfileInfo(SpringApplication.java:651) - No active profile set, falling back to default profiles: default
[17:47:07:123] [INFO] - org.springframework.aop.framework.CglibAopProxy.doValidateClass(CglibAopProxy.java:262) - Unable to proxy interface-implementing method [public final void org.springframework.dao.support.DaoSupport.afterPropertiesSet() throws java.lang.IllegalArgumentException,org.springframework.beans.factory.BeanInitializationException] because it is marked as final: Consider using interface-based JDK proxies instead!
[17:47:07:189] [INFO] - org.springframework.boot.StartupInfoLogger.logStarted(StartupInfoLogger.java:61) - Started SocketApplication in 0.876 seconds (JVM running for 1.587)
[17:47:08:027] [INFO] - com.alibaba.druid.pool.DruidDataSource.init(DruidDataSource.java:947) - {dataSource-1} inited
[17:57:20:524] [INFO] - org.springframework.boot.StartupInfoLogger.logStarting(StartupInfoLogger.java:55) - Starting SocketApplication on DESKTOP-CLOPQ62 with PID 47160 (F:\work\socket\target\classes started by asus in F:\work\socket)
[17:57:20:526] [INFO] - org.springframework.boot.SpringApplication.logStartupProfileInfo(SpringApplication.java:651) - No active profile set, falling back to default profiles: default
[17:57:21:102] [INFO] - org.springframework.aop.framework.CglibAopProxy.doValidateClass(CglibAopProxy.java:262) - Unable to proxy interface-implementing method [public final void org.springframework.dao.support.DaoSupport.afterPropertiesSet() throws java.lang.IllegalArgumentException,org.springframework.beans.factory.BeanInitializationException] because it is marked as final: Consider using interface-based JDK proxies instead!
[17:57:21:164] [INFO] - org.springframework.boot.StartupInfoLogger.logStarted(StartupInfoLogger.java:61) - Started SocketApplication in 0.879 seconds (JVM running for 1.613)
[17:57:22:344] [INFO] - com.alibaba.druid.pool.DruidDataSource.init(DruidDataSource.java:947) - {dataSource-1} inited
[18:04:34:648] [INFO] - org.springframework.boot.StartupInfoLogger.logStarting(StartupInfoLogger.java:55) - Starting SocketApplication on DESKTOP-CLOPQ62 with PID 17540 (F:\work\socket\target\classes started by asus in F:\work\socket)
[18:04:34:651] [INFO] - org.springframework.boot.SpringApplication.logStartupProfileInfo(SpringApplication.java:651) - No active profile set, falling back to default profiles: default
[18:04:35:227] [INFO] - org.springframework.aop.framework.CglibAopProxy.doValidateClass(CglibAopProxy.java:262) - Unable to proxy interface-implementing method [public final void org.springframework.dao.support.DaoSupport.afterPropertiesSet() throws java.lang.IllegalArgumentException,org.springframework.beans.factory.BeanInitializationException] because it is marked as final: Consider using interface-based JDK proxies instead!
[18:04:35:292] [INFO] - org.springframework.boot.StartupInfoLogger.logStarted(StartupInfoLogger.java:61) - Started SocketApplication in 0.882 seconds (JVM running for 1.638)
[18:04:36:591] [INFO] - com.alibaba.druid.pool.DruidDataSource.init(DruidDataSource.java:947) - {dataSource-1} inited
