[14:01:00:866] [INFO] - org.springframework.boot.StartupInfoLogger.logStarting(StartupInfoLogger.java:55) - Starting SocketApplication on DESKTOP-CLOPQ62 with PID 65208 (F:\work\socket\target\classes started by asus in F:\work\socket)
[14:01:00:879] [INFO] - org.springframework.boot.SpringApplication.logStartupProfileInfo(SpringApplication.java:651) - No active profile set, falling back to default profiles: default
[14:01:01:433] [INFO] - org.springframework.boot.autoconfigure.logging.ConditionEvaluationReportLoggingListener.logMessage(ConditionEvaluationReportLoggingListener.java:136) - 

Error starting ApplicationContext. To display the conditions report re-run your application with 'debug' enabled.
[14:01:48:383] [INFO] - org.springframework.boot.StartupInfoLogger.logStarting(StartupInfoLogger.java:55) - Starting SocketApplication on DESKTOP-CLOPQ62 with PID 55204 (F:\work\socket\target\classes started by asus in F:\work\socket)
[14:01:48:390] [INFO] - org.springframework.boot.SpringApplication.logStartupProfileInfo(SpringApplication.java:651) - No active profile set, falling back to default profiles: default
[14:01:49:015] [INFO] - org.springframework.boot.StartupInfoLogger.logStarted(StartupInfoLogger.java:61) - Started SocketApplication in 0.859 seconds (JVM running for 1.524)
[14:02:48:522] [INFO] - org.springframework.boot.StartupInfoLogger.logStarting(StartupInfoLogger.java:55) - Starting SocketApplication on DESKTOP-CLOPQ62 with PID 43204 (F:\work\socket\target\classes started by asus in F:\work\socket)
[14:02:48:528] [INFO] - org.springframework.boot.SpringApplication.logStartupProfileInfo(SpringApplication.java:651) - No active profile set, falling back to default profiles: default
[14:02:49:132] [INFO] - org.springframework.boot.StartupInfoLogger.logStarted(StartupInfoLogger.java:61) - Started SocketApplication in 0.839 seconds (JVM running for 1.531)
[14:03:24:188] [INFO] - org.springframework.boot.StartupInfoLogger.logStarting(StartupInfoLogger.java:55) - Starting SocketApplication on DESKTOP-CLOPQ62 with PID 41368 (F:\work\socket\target\classes started by asus in F:\work\socket)
[14:03:24:194] [INFO] - org.springframework.boot.SpringApplication.logStartupProfileInfo(SpringApplication.java:651) - No active profile set, falling back to default profiles: default
[14:03:24:832] [INFO] - org.springframework.boot.StartupInfoLogger.logStarted(StartupInfoLogger.java:61) - Started SocketApplication in 0.88 seconds (JVM running for 1.539)
[14:04:00:161] [INFO] - org.springframework.boot.StartupInfoLogger.logStarting(StartupInfoLogger.java:55) - Starting SocketApplication on DESKTOP-CLOPQ62 with PID 12316 (F:\work\socket\target\classes started by asus in F:\work\socket)
[14:04:00:168] [INFO] - org.springframework.boot.SpringApplication.logStartupProfileInfo(SpringApplication.java:651) - No active profile set, falling back to default profiles: default
[14:04:00:783] [INFO] - org.springframework.boot.StartupInfoLogger.logStarted(StartupInfoLogger.java:61) - Started SocketApplication in 0.86 seconds (JVM running for 1.605)
[16:46:54:789] [INFO] - org.springframework.boot.StartupInfoLogger.logStarting(StartupInfoLogger.java:55) - Starting SocketApplication on DESKTOP-CLOPQ62 with PID 49032 (F:\work\socket\target\classes started by asus in F:\work\socket)
[16:46:54:791] [INFO] - org.springframework.boot.SpringApplication.logStartupProfileInfo(SpringApplication.java:651) - No active profile set, falling back to default profiles: default
[16:46:55:429] [INFO] - org.springframework.boot.StartupInfoLogger.logStarted(StartupInfoLogger.java:61) - Started SocketApplication in 0.862 seconds (JVM running for 1.665)
[16:46:57:374] [INFO] - com.alibaba.druid.pool.DruidDataSource.init(DruidDataSource.java:947) - {dataSource-1} inited
[16:48:06:912] [INFO] - org.springframework.boot.StartupInfoLogger.logStarting(StartupInfoLogger.java:55) - Starting SocketApplication on DESKTOP-CLOPQ62 with PID 69300 (F:\work\socket\target\classes started by asus in F:\work\socket)
[16:48:06:915] [INFO] - org.springframework.boot.SpringApplication.logStartupProfileInfo(SpringApplication.java:651) - No active profile set, falling back to default profiles: default
[16:48:07:517] [INFO] - org.springframework.boot.StartupInfoLogger.logStarted(StartupInfoLogger.java:61) - Started SocketApplication in 0.833 seconds (JVM running for 1.561)
[16:48:09:141] [INFO] - com.alibaba.druid.pool.DruidDataSource.init(DruidDataSource.java:947) - {dataSource-1} inited
[16:49:04:701] [INFO] - org.springframework.boot.StartupInfoLogger.logStarting(StartupInfoLogger.java:55) - Starting SocketApplication on DESKTOP-CLOPQ62 with PID 61736 (F:\work\socket\target\classes started by asus in F:\work\socket)
[16:49:04:703] [INFO] - org.springframework.boot.SpringApplication.logStartupProfileInfo(SpringApplication.java:651) - No active profile set, falling back to default profiles: default
[16:49:05:308] [INFO] - org.springframework.boot.StartupInfoLogger.logStarted(StartupInfoLogger.java:61) - Started SocketApplication in 0.839 seconds (JVM running for 1.535)
[16:49:06:478] [INFO] - com.alibaba.druid.pool.DruidDataSource.init(DruidDataSource.java:947) - {dataSource-1} inited
[16:49:19:859] [INFO] - org.springframework.boot.StartupInfoLogger.logStarting(StartupInfoLogger.java:55) - Starting SocketApplication on DESKTOP-CLOPQ62 with PID 30752 (F:\work\socket\target\classes started by asus in F:\work\socket)
[16:49:19:861] [INFO] - org.springframework.boot.SpringApplication.logStartupProfileInfo(SpringApplication.java:651) - No active profile set, falling back to default profiles: default
[16:49:20:466] [INFO] - org.springframework.boot.StartupInfoLogger.logStarted(StartupInfoLogger.java:61) - Started SocketApplication in 0.832 seconds (JVM running for 1.603)
[16:49:21:046] [INFO] - com.alibaba.druid.pool.DruidDataSource.init(DruidDataSource.java:947) - {dataSource-1} inited
[16:49:44:234] [INFO] - org.springframework.boot.StartupInfoLogger.logStarting(StartupInfoLogger.java:55) - Starting SocketApplication on DESKTOP-CLOPQ62 with PID 55220 (F:\work\socket\target\classes started by asus in F:\work\socket)
[16:49:44:237] [INFO] - org.springframework.boot.SpringApplication.logStartupProfileInfo(SpringApplication.java:651) - No active profile set, falling back to default profiles: default
[16:49:44:990] [INFO] - org.springframework.boot.StartupInfoLogger.logStarted(StartupInfoLogger.java:61) - Started SocketApplication in 1.007 seconds (JVM running for 1.75)
[16:49:45:169] [INFO] - com.alibaba.druid.pool.DruidDataSource.init(DruidDataSource.java:947) - {dataSource-1} inited
[17:06:38:988] [INFO] - org.springframework.boot.StartupInfoLogger.logStarting(StartupInfoLogger.java:55) - Starting SocketApplication on DESKTOP-CLOPQ62 with PID 40880 (F:\work\socket\target\classes started by asus in F:\work\socket)
[17:06:38:990] [INFO] - org.springframework.boot.SpringApplication.logStartupProfileInfo(SpringApplication.java:651) - No active profile set, falling back to default profiles: default
[17:06:39:597] [INFO] - org.springframework.boot.StartupInfoLogger.logStarted(StartupInfoLogger.java:61) - Started SocketApplication in 0.837 seconds (JVM running for 1.482)
[17:06:42:995] [INFO] - com.alibaba.druid.pool.DruidDataSource.init(DruidDataSource.java:947) - {dataSource-1} inited
[17:07:18:272] [INFO] - org.springframework.boot.StartupInfoLogger.logStarting(StartupInfoLogger.java:55) - Starting SocketApplication on DESKTOP-CLOPQ62 with PID 48864 (F:\work\socket\target\classes started by asus in F:\work\socket)
[17:07:18:274] [INFO] - org.springframework.boot.SpringApplication.logStartupProfileInfo(SpringApplication.java:651) - No active profile set, falling back to default profiles: default
[17:07:18:868] [INFO] - org.springframework.boot.StartupInfoLogger.logStarted(StartupInfoLogger.java:61) - Started SocketApplication in 0.822 seconds (JVM running for 1.59)
[17:07:20:241] [INFO] - com.alibaba.druid.pool.DruidDataSource.init(DruidDataSource.java:947) - {dataSource-1} inited
[17:31:17:968] [INFO] - org.springframework.boot.StartupInfoLogger.logStarting(StartupInfoLogger.java:55) - Starting SocketApplication on DESKTOP-CLOPQ62 with PID 35716 (F:\work\socket\target\classes started by asus in F:\work\socket)
[17:31:17:971] [INFO] - org.springframework.boot.SpringApplication.logStartupProfileInfo(SpringApplication.java:651) - No active profile set, falling back to default profiles: default
[17:31:18:571] [INFO] - org.springframework.boot.StartupInfoLogger.logStarted(StartupInfoLogger.java:61) - Started SocketApplication in 0.827 seconds (JVM running for 1.543)
[17:31:19:897] [INFO] - com.alibaba.druid.pool.DruidDataSource.init(DruidDataSource.java:947) - {dataSource-1} inited
[17:32:07:554] [INFO] - org.springframework.boot.StartupInfoLogger.logStarting(StartupInfoLogger.java:55) - Starting SocketApplication on DESKTOP-CLOPQ62 with PID 15472 (F:\work\socket\target\classes started by asus in F:\work\socket)
[17:32:07:557] [INFO] - org.springframework.boot.SpringApplication.logStartupProfileInfo(SpringApplication.java:651) - No active profile set, falling back to default profiles: default
[17:32:08:165] [INFO] - org.springframework.boot.StartupInfoLogger.logStarted(StartupInfoLogger.java:61) - Started SocketApplication in 0.835 seconds (JVM running for 1.612)
[17:32:09:075] [INFO] - com.alibaba.druid.pool.DruidDataSource.init(DruidDataSource.java:947) - {dataSource-1} inited
